# Logfile created on 2015-02-21 01:48:42 +0530 by logger.rb/v1.2.7
Starting server...  as http://localhost:3030
Server Started at http://localhost:3030
Starting server...  as http://localhost:3030
Server is shutdown
Starting server...  as http://localhost:3030
Server Started at http://localhost:3030
Starting server...  as http://localhost:3030
Server is shutdown
Starting server...  as http://localhost:3030
Server Started at http://localhost:3030
Starting server...  as http://localhost:3030
Server is shutdown
Starting server...  as http://localhost:3030
Server Started at http://localhost:3030
Starting server...  as http://localhost:3030
Server is shutdown
Starting server...  as http://localhost:3030
Server Started at http://localhost:3030
Server is shutdown
Starting server...  as http://localhost:3030
Server Started at http://localhost:3030
Server is shutdown
Starting server...  as http://localhost:3030
Server Started at http://localhost:3030
Generated SoapCost
Generated Send
Generated RupeeValue
Server is shutdown
Starting server...  as http://localhost:3030
Server Started at http://localhost:3030
Generated SoapCost
Generated Send
Generated RupeeValue
Server is shutdown
Starting server...  as http://localhost:3030
Server Started at http://localhost:3030
Generated SoapCost
Generated Send
Generated RupeeValue
Server is shutdown
Starting server...  as http://localhost:3030
Server Started at http://localhost:3030
Generated SoapCost
Generated Send
Generated RupeeValue
Server is shutdown
Starting server...  as http://localhost:3030
Server Started at http://localhost:3030
Generated SoapCost
Generated Send
Generated RupeeValue
Server is shutdown
Starting server...  as http://localhost:3030
Server Started at http://localhost:3030
Generated SoapCost
Generated Send
Generated RupeeValue
Server is shutdown
Starting server...  as http://localhost:3030
Server Started at http://localhost:3030
Generated SoapCost
Generated Sms
Generated RupeeValue
Server is shutdown
Starting server...  as http://localhost:3030
Server Started at http://localhost:3030
Generated SoapCost
Generated Sms
Generated RupeeValue
Server is shutdown
Starting server...  as http://localhost:3030
Server Started at http://localhost:3030
Generated SoapCost
Generated Sms
Generated RupeeValue
Server is shutdown
